Overlap matrix:
   1.0000e+00   4.8501e-01  -4.6382e-01            0            0   7.2952e-02  -9.7547e-02            0            0   7.3985e-03
   4.8501e-01   1.0000e+00            0            0            0   4.6629e-01  -4.5219e-01            0            0   7.2952e-02
  -4.6382e-01            0   1.0000e+00            0            0   4.5219e-01  -3.1207e-01            0            0   9.7547e-02
            0            0            0   1.0000e+00            0            0            0   2.9737e-01            0            0
            0            0            0            0   1.0000e+00            0            0            0   2.9737e-01            0
   7.2952e-02   4.6629e-01   4.5219e-01            0            0   1.0000e+00  -6.7317e-16            0            0   4.8501e-01
  -9.7547e-02  -4.5219e-01  -3.1207e-01            0            0  -6.7317e-16   1.0000e+00            0            0   4.6382e-01
            0            0            0   2.9737e-01            0            0            0   1.0000e+00            0            0
            0            0            0            0   2.9737e-01            0            0            0   1.0000e+00            0
   7.3985e-03   7.2952e-02   9.7547e-02            0            0   4.8501e-01   4.6382e-01            0            0   1.0000e+00
Hamiltonian matrix
  -1.3600e+01  -1.4854e+01   1.0146e+01            0            0  -2.2342e+00   2.1338e+00            0            0  -1.7609e-01
  -1.4854e+01  -2.1400e+01            0            0            0  -1.7462e+01   1.2978e+01            0            0  -2.2342e+00
   1.0146e+01            0  -1.1400e+01            0            0  -1.2978e+01   6.2258e+00            0            0  -2.1338e+00
            0            0            0  -1.1400e+01            0            0            0  -5.9325e+00            0            0
            0            0            0            0  -1.1400e+01            0            0            0  -5.9325e+00            0
  -2.2342e+00  -1.7462e+01  -1.2978e+01            0            0  -2.1400e+01   1.9320e-14            0            0  -1.4854e+01
   2.1338e+00   1.2978e+01   6.2258e+00            0            0   1.9320e-14  -1.1400e+01            0            0  -1.0146e+01
            0            0            0  -5.9325e+00            0            0            0  -1.1400e+01            0            0
            0            0            0            0  -5.9325e+00            0            0            0  -1.1400e+01            0
  -1.7609e-01  -2.2342e+00  -2.1338e+00            0            0  -1.4854e+01  -1.0146e+01            0            0  -1.3600e+01
X_mat
   1.2686e+00  -2.9295e-01   3.9220e-01  -9.1839e-17  -3.1116e-16  -8.6119e-02   7.2306e-02   2.7813e-16   1.7296e-16  -1.2048e-02
  -2.9295e-01   1.4802e+00   2.0371e-01  -7.3642e-17   1.2624e-16  -4.6197e-01   4.8690e-01  -6.3052e-17  -1.7796e-16  -8.6119e-02
   3.9220e-01   2.0371e-01   1.4501e+00  -6.4347e-17  -1.1802e-16  -4.8690e-01   4.2301e-01   1.8557e-16  -1.2619e-16  -7.2306e-02
  -9.1839e-17  -7.3642e-17  -6.4347e-17   1.0355e+00   1.9429e-16   5.0189e-17  -4.2155e-17  -1.5752e-01   3.0531e-16   9.8933e-19
  -3.1116e-16   1.2624e-16  -1.1802e-16   1.9429e-16   1.0355e+00  -1.1655e-16   3.0596e-17   4.1633e-17  -1.5752e-01   7.7643e-17
  -8.6119e-02  -4.6197e-01  -4.8690e-01   5.0189e-17  -1.1655e-16   1.4802e+00  -2.0371e-01  -2.5689e-17   3.2478e-17  -2.9295e-01
   7.2306e-02   4.8690e-01   4.2301e-01  -4.2155e-17   3.0596e-17  -2.0371e-01   1.4501e+00   3.7456e-17  -2.1878e-16  -3.9220e-01
   2.7813e-16  -6.3052e-17   1.8557e-16  -1.5752e-01  -1.4299e-31  -2.5689e-17   3.7456e-17   1.0355e+00   6.9389e-17   7.9303e-18
   1.7296e-16  -1.7796e-16  -1.2619e-16   3.4694e-16  -1.5752e-01   3.2478e-17  -2.1878e-16   2.7756e-17   1.0355e+00  -6.5847e-17
  -1.2048e-02  -8.6119e-02  -7.2306e-02   9.8933e-19   7.7643e-17  -2.9295e-01  -3.9220e-01   7.9303e-18  -6.5847e-17   1.2686e+00
MO coefficients (C matrix):
  -9.1509e-02   3.3303e-01  -3.7688e-01   4.4937e-17  -5.0100e-16  -8.4526e-17  -2.8397e-16  -9.0554e-01  -8.7300e-01  -1.3580e-01
  -5.3539e-01   3.7953e-01   3.9308e-02  -4.2990e-16   6.7220e-17   5.9267e-17   2.1881e-16   5.2740e-01   5.8491e-01  -1.3129e+00
  -3.5750e-02  -2.3725e-01   4.2622e-01  -1.0139e-16   3.8263e-17   9.2668e-17  -2.7381e-16  -6.2436e-01  -6.6014e-01  -1.2863e+00
   1.5740e-16  -2.1614e-16   3.4362e-16   4.2304e-01  -4.5435e-01  -7.3554e-01   4.1304e-01   8.9537e-17   8.6584e-17   1.0713e-16
   3.0902e-16  -2.8217e-17  -8.6793e-17   4.5435e-01   4.2304e-01   4.1304e-01   7.3554e-01   2.3876e-16   1.9006e-16  -1.3658e-16
  -5.3539e-01  -3.7953e-01   3.9308e-02   3.6873e-16   3.4764e-16  -2.9113e-16   7.2498e-18  -5.2740e-01   5.8491e-01   1.3129e+00
   3.5750e-02  -2.3725e-01  -4.2622e-01  -4.6234e-17  -2.9640e-16   5.5795e-17  -1.8049e-16  -6.2436e-01   6.6014e-01  -1.2863e+00
  -3.9208e-16   2.5286e-16   4.6252e-16   4.2304e-01  -4.5435e-01   7.3554e-01  -4.1304e-01  -2.4386e-16  -2.2593e-16   1.0290e-16
   1.8871e-16   8.3109e-16  -3.9555e-17   4.5435e-01   4.2304e-01  -4.1304e-01  -7.3554e-01  -1.8687e-17  -1.3304e-16   4.5820e-16
  -9.1509e-02  -3.3303e-01  -3.7688e-01   2.7924e-16  -4.8336e-17   1.2182e-16  -7.5034e-19   9.0554e-01  -8.7300e-01   1.3580e-01
MO overlap matrix:
   1.0000e+00   8.8818e-16  -1.1657e-15   1.0833e-16   1.7999e-16  -7.4965e-17   1.6040e-16   4.9960e-16  -1.6653e-16   7.9103e-16
   7.9797e-16   1.0000e+00   3.8858e-16   6.8087e-17   1.4762e-16  -5.5776e-17  -4.2422e-16  -3.3307e-16   4.4409e-16  -9.1593e-16
  -1.1866e-15   3.6082e-16   1.0000e+00   1.5950e-16  -6.3301e-18   4.5650e-17   2.9713e-17  -8.3267e-16   4.9960e-16  -6.3838e-16
   1.0833e-16   6.8087e-17   1.5950e-16   1.0000e+00  -4.7184e-16   2.7756e-17   5.5511e-17  -6.1145e-18  -1.3264e-16   4.6551e-16
   1.7999e-16   1.4762e-16  -6.3301e-18  -5.2736e-16   1.0000e+00  -4.4409e-16   8.3267e-16   3.4934e-16   2.1999e-16   1.3633e-16
  -7.4965e-17  -5.5776e-17   4.5650e-17   2.7756e-17  -4.0246e-16   1.0000e+00  -4.7184e-16   1.3824e-17  -1.0645e-16  -2.7759e-16
   1.6040e-16  -4.2422e-16   2.9713e-17   2.7756e-17   8.3267e-16  -4.9960e-16   1.0000e+00   4.3643e-16   3.8891e-16  -2.5864e-16
   4.0593e-16  -3.0531e-16  -6.8001e-16  -6.1145e-18   3.4934e-16   1.3824e-17   4.3643e-16   1.0000e+00  -1.3323e-15   1.2976e-15
  -1.5613e-16   3.8858e-16   5.9674e-16  -1.3264e-16   2.1999e-16  -1.0645e-16   3.8891e-16  -1.3323e-15   1.0000e+00  -6.1062e-16
   7.2685e-16  -7.8583e-16  -4.5450e-16   4.6551e-16   1.3633e-16  -2.7759e-16  -2.5864e-16   1.4225e-15  -7.1471e-16   1.0000e+00
The molecule in file ../sample_input/C2H2.txt has energy -177.169636
